<?xml version="1.0" encoding="UTF-8"?>
<testng-results skipped="0" failed="0" ignored="0" total="1" passed="1">
  <reporter-output>
  </reporter-output>
  <suite name="Default suite" duration-ms="35858" started-at="2021-07-09T15:22:40Z" finished-at="2021-07-09T15:23:16Z">
    <groups>
    </groups>
    <test name="Default test" duration-ms="35858" started-at="2021-07-09T15:22:40Z" finished-at="2021-07-09T15:23:16Z">
      <class name="suite.AndroidTraining.ToastMessage">
        <test-method status="PASS" signature="toastMessage()[pri:0, instance:suite.AndroidTraining.ToastMessage@6eebc39e]" name="toastMessage" duration-ms="35816" started-at="2021-07-09T20:52:40Z" finished-at="2021-07-09T20:53:16Z">
          <reporter-output>
          </reporter-output>
        </test-method> <!-- toastMessage -->
      </class> <!-- suite.AndroidTraining.ToastMessage -->
    </test> <!-- Default test -->
  </suite> <!-- Default suite -->
</testng-results>
