<?xml version="1.0" encoding="UTF-8"?>
<testng-results skipped="0" failed="0" ignored="0" total="1" passed="1">
  <reporter-output>
  </reporter-output>
  <suite name="Default suite" duration-ms="31174" started-at="2021-07-08T15:26:54Z" finished-at="2021-07-08T15:27:26Z">
    <groups>
    </groups>
    <test name="Default test" duration-ms="31174" started-at="2021-07-08T15:26:54Z" finished-at="2021-07-08T15:27:26Z">
      <class name="suite.AndroidTraining.APIDemos">
        <test-method status="PASS" signature="APIDemosTest()[pri:0, instance:suite.AndroidTraining.APIDemos@3abbfa04]" name="APIDemosTest" duration-ms="31110" started-at="2021-07-08T20:56:54Z" finished-at="2021-07-08T20:57:26Z">
          <reporter-output>
          </reporter-output>
        </test-method> <!-- APIDemosTest -->
      </class> <!-- suite.AndroidTraining.APIDemos -->
    </test> <!-- Default test -->
  </suite> <!-- Default suite -->
</testng-results>
