<?xml version="1.0" encoding="UTF-8"?>
<testng-results skipped="0" failed="0" ignored="0" total="3" passed="3">
  <reporter-output>
  </reporter-output>
  <suite name="Suite" duration-ms="2492" started-at="2021-07-05T15:19:27Z" finished-at="2021-07-05T15:19:29Z">
    <groups>
      <group name="cucumber">
        <method signature="AbstractTestNGCucumberTests.runScenario(io.cucumber.testng.PickleWrapper, io.cucumber.testng.FeatureWrapper)[pri:0, instance:runners.TestNGRunner@204f30ec]" name="runScenario" class="io.cucumber.testng.AbstractTestNGCucumberTests"/>
      </group> <!-- cucumber -->
    </groups>
    <test name="Test" duration-ms="2492" started-at="2021-07-05T15:19:27Z" finished-at="2021-07-05T15:19:29Z">
      <class name="runners.TestNGRunner">
        <test-method status="PASS" signature="setUpClass()[pri:0, instance:runners.TestNGRunner@204f30ec]" name="setUpClass" is-config="true" duration-ms="1700" started-at="2021-07-05T20:49:27Z" finished-at="2021-07-05T20:49:29Z">
          <reporter-output>
          </reporter-output>
        </test-method> <!-- setUpClass -->
        <test-method status="PASS" signature="runScenario(io.cucumber.testng.PickleWrapper, io.cucumber.testng.FeatureWrapper)[pri:0, instance:runners.TestNGRunner@204f30ec]" name="runScenario" duration-ms="381" started-at="2021-07-05T20:49:29Z" description="Runs Cucumber Scenarios" data-provider="scenarios" finished-at="2021-07-05T20:49:29Z">
          <params>
            <param index="0">
              <value>
                <![CDATA["In order to verify Login with valid credentials"]]>
              </value>
            </param>
            <param index="1">
              <value>
                <![CDATA["Optional[Login]"]]>
              </value>
            </param>
          </params>
          <reporter-output>
          </reporter-output>
        </test-method> <!-- runScenario -->
        <test-method status="PASS" signature="runScenario(io.cucumber.testng.PickleWrapper, io.cucumber.testng.FeatureWrapper)[pri:0, instance:runners.TestNGRunner@204f30ec]" name="runScenario" duration-ms="72" started-at="2021-07-05T20:49:29Z" description="Runs Cucumber Scenarios" data-provider="scenarios" finished-at="2021-07-05T20:49:29Z">
          <params>
            <param index="0">
              <value>
                <![CDATA["In order to verify Sign Up without entering mandatory fields"]]>
              </value>
            </param>
            <param index="1">
              <value>
                <![CDATA["Optional[Sign Up]"]]>
              </value>
            </param>
          </params>
          <reporter-output>
          </reporter-output>
        </test-method> <!-- runScenario -->
        <test-method status="PASS" signature="runScenario(io.cucumber.testng.PickleWrapper, io.cucumber.testng.FeatureWrapper)[pri:0, instance:runners.TestNGRunner@204f30ec]" name="runScenario" duration-ms="95" started-at="2021-07-05T20:49:29Z" description="Runs Cucumber Scenarios" data-provider="scenarios" finished-at="2021-07-05T20:49:29Z">
          <params>
            <param index="0">
              <value>
                <![CDATA["In order to verify Sign Up by entering mandatory fields"]]>
              </value>
            </param>
            <param index="1">
              <value>
                <![CDATA["Optional[Sign Up]"]]>
              </value>
            </param>
          </params>
          <reporter-output>
          </reporter-output>
        </test-method> <!-- runScenario -->
        <test-method status="PASS" signature="tearDownClass()[pri:0, instance:runners.TestNGRunner@204f30ec]" name="tearDownClass" is-config="true" duration-ms="179" started-at="2021-07-05T20:49:29Z" finished-at="2021-07-05T20:49:29Z">
          <reporter-output>
          </reporter-output>
        </test-method> <!-- tearDownClass -->
      </class> <!-- runners.TestNGRunner -->
    </test> <!-- Test -->
  </suite> <!-- Suite -->
</testng-results>
